#
# A fatal error has been detected by the Java Runtime Environment:
#
#  EXCEPTION_ACCESS_VIOLATION (0xc0000005) at pc=0x00007ff8840387b0, pid=16312, tid=0x0000000000000de0
#
# JRE version: Java(TM) SE Runtime Environment (8.0_112-b15) (build 1.8.0_112-b15)
# Java VM: Java HotSpot(TM) 64-Bit Server VM (25.112-b15 mixed mode windows-amd64 compressed oops)
# Problematic frame:
# C  0x00007ff8840387b0
#
# Failed to write core dump. Minidumps are not enabled by default on client versions of Windows
#
# If you would like to submit a bug report, please visit:
#   http://bugreport.java.com/bugreport/crash.jsp
# The crash happened outside the Java Virtual Machine in native code.
# See problematic frame for where to report the bug.
#

---------------  T H R E A D  ---------------

Current thread (0x0000000002eb6000):  JavaThread "main" [_thread_in_native, id=3552, stack(0x0000000002c00000,0x0000000002d00000)]

siginfo: ExceptionCode=0xc0000005, ExceptionInformation=0x0000000000000008 0x00007ff8840387b0

Registers:
RAX=0x00007ff8840387b0, RBX=0x00000000217192b0, RCX=0x0000000002eb61f8, RDX=0x0000000002cfe0d8
RSP=0x0000000002cfe058, RBP=0x0000000002cfe0c8, RSI=0x00000000f804798b, RDI=0x0000000000000011
R8 =0x000000000000000b, R9 =0x0000000002af7a10, R10=0x0000000002fc7f48, R11=0x00000000731ab530
R12=0x0000000000000000, R13=0x00000000217192b0, R14=0x0000000002cfe0e0, R15=0x0000000002eb6000
RIP=0x00007ff8840387b0, EFLAGS=0x0000000000010202

Top of Stack: (sp=0x0000000002cfe058)
0x0000000002cfe058:   0000000002fc7f74 0000000002eb6000
0x0000000002cfe068:   00000000217192b0 00000000f804798b
0x0000000002cfe078:   0000000002eb6000 0000000002fc7ca2
0x0000000002cfe088:   0000000002cfe088 00000000217192b0
0x0000000002cfe098:   0000000002cfe0e0 0000000021719628
0x0000000002cfe0a8:   0000000000000000 00000000217192b0
0x0000000002cfe0b8:   0000000000000000 0000000002cfe0e8
0x0000000002cfe0c8:   0000000002cfe128 0000000002fb7da0
0x0000000002cfe0d8:   000000076be7f1f0 0000000002fc19d6
0x0000000002cfe0e8:   0000000002cfe0e8 0000000021719497
0x0000000002cfe0f8:   0000000002cfe140 0000000021719628
0x0000000002cfe108:   0000000000000000 0000000021719510
0x0000000002cfe118:   0000000002cfe0e8 0000000002cfe138
0x0000000002cfe128:   0000000002cfe188 0000000002fb7b30
0x0000000002cfe138:   0000000000000000 000000076be7f278
0x0000000002cfe148:   0000000002cfe148 0000000021708633 

Instructions: (pc=0x00007ff8840387b0)
0x00007ff884038790:   
[error occurred during error reporting (printing registers, top of stack, instructions near pc), id 0xc0000005]

Register to memory mapping:

RAX=0x00007ff8840387b0 is an unknown value
RBX={method} {0x00000000217192b8} 'aprMajorVersion' '()I' in 'io/netty/internal/tcnative/Library'
RCX=0x0000000002eb61f8 is an unknown value
RDX=0x0000000002cfe0d8 is pointing into the stack for thread: 0x0000000002eb6000
RSP=0x0000000002cfe058 is pointing into the stack for thread: 0x0000000002eb6000
RBP=0x0000000002cfe0c8 is pointing into the stack for thread: 0x0000000002eb6000
RSI=0x00000000f804798b is an unknown value
RDI=0x0000000000000011 is an unknown value
R8 =0x000000000000000b is an unknown value
R9 =0x0000000002af7a10 is an unknown value
R10=0x0000000002fc7f48 is at code_begin+840 in an Interpreter codelet
method entry point (kind = native)  [0x0000000002fc7c00, 0x0000000002fc8560]  2400 bytes
R11=0x00000000731ab530 is an unknown value
R12=0x0000000000000000 is an unknown value
R13={method} {0x00000000217192b8} 'aprMajorVersion' '()I' in 'io/netty/internal/tcnative/Library'
R14=0x0000000002cfe0e0 is pointing into the stack for thread: 0x0000000002eb6000
R15=0x0000000002eb6000 is a thread


Stack: [0x0000000002c00000,0x0000000002d00000],  sp=0x0000000002cfe058,  free space=1016k
Native frames: (J=compiled Java code, j=interpreted, Vv=VM code, C=native code)
C  0x00007ff8840387b0

Java frames: (J=compiled Java code, j=interpreted, Vv=VM code)
j  io.netty.internal.tcnative.Library.aprMajorVersion()I+0
j  io.netty.internal.tcnative.Library.initialize(Ljava/lang/String;Ljava/lang/String;)Z+31
j  io.netty.handler.ssl.OpenSsl.initializeTcNative(Ljava/lang/String;)Z+3
j  io.netty.handler.ssl.OpenSsl.<clinit>()V+225
v  ~StubRoutines::call_stub
j  io.grpc.netty.GrpcSslContexts.configure(Lio/netty/handler/ssl/SslContextBuilder;Lio/netty/handler/ssl/SslProvider;)Lio/netty/handler/ssl/SslContextBuilder;+60
j  org.hyperledger.fabric.sdk.Endpoint.getSslContextBuilder([Ljava/security/cert/X509Certificate;Ljava/security/PrivateKey;Lio/netty/handler/ssl/SslProvider;)Lio/netty/handler/ssl/SslContextBuilder;+4
j  org.hyperledger.fabric.sdk.Endpoint.<init>(Ljava/lang/String;Ljava/util/Properties;)V+1544
j  org.hyperledger.fabric.sdk.Endpoint.createEndpoint(Ljava/lang/String;Ljava/util/Properties;)Lorg/hyperledger/fabric/sdk/Endpoint;+6
j  org.hyperledger.fabric.sdk.Peer.getEndorserClient()Lorg/hyperledger/fabric/sdk/EndorserClient;+62
j  org.hyperledger.fabric.sdk.Peer.sendProposalAsync(Lorg/hyperledger/fabric/protos/peer/FabricProposal$SignedProposal;)Lcom/google/common/util/concurrent/ListenableFuture;+36
j  org.hyperledger.fabric.sdk.Channel.sendProposalToPeers(Ljava/util/Collection;Lorg/hyperledger/fabric/protos/peer/FabricProposal$SignedProposal;Lorg/hyperledger/fabric/sdk/transaction/TransactionContext;)Ljava/util/Collection;+173
j  org.hyperledger.fabric.sdk.Channel.getConfigBlock(Ljava/util/List;)Lorg/hyperledger/fabric/protos/common/Common$Block;+200
j  org.hyperledger.fabric.sdk.Channel.parseConfigBlock(Z)Ljava/util/Map;+29
j  org.hyperledger.fabric.sdk.Channel.loadCACertificates(Z)V+51
j  org.hyperledger.fabric.sdk.Channel.initialize()Lorg/hyperledger/fabric/sdk/Channel;+174
j  org.example.chaincode.invocation.QueryCar.main([Ljava/lang/String;)V+276
v  ~StubRoutines::call_stub

---------------  P R O C E S S  ---------------

Java Threads: ( => current thread )
  0x000000001f107000 JavaThread "Service Thread" daemon [_thread_blocked, id=13328, stack(0x000000001fc90000,0x000000001fd90000)]
  0x000000001f064000 JavaThread "C1 CompilerThread3" daemon [_thread_blocked, id=4052, stack(0x000000001fb90000,0x000000001fc90000)]
  0x000000001f05d000 JavaThread "C2 CompilerThread2" daemon [_thread_blocked, id=9616, stack(0x000000001fa90000,0x000000001fb90000)]
  0x000000001f05c800 JavaThread "C2 CompilerThread1" daemon [_thread_blocked, id=4564, stack(0x000000001f990000,0x000000001fa90000)]
  0x000000001f057800 JavaThread "C2 CompilerThread0" daemon [_thread_blocked, id=10620, stack(0x000000001f890000,0x000000001f990000)]
  0x000000001f056000 JavaThread "Monitor Ctrl-Break" daemon [_thread_in_native, id=9880, stack(0x000000001f790000,0x000000001f890000)]
  0x000000001e8bf000 JavaThread "Attach Listener" daemon [_thread_blocked, id=2228, stack(0x000000001ee90000,0x000000001ef90000)]
  0x000000001e86c000 JavaThread "Signal Dispatcher" daemon [_thread_blocked, id=16276, stack(0x000000001ed90000,0x000000001ee90000)]
  0x000000001e850800 JavaThread "Finalizer" daemon [_thread_blocked, id=10624, stack(0x000000001ec30000,0x000000001ed30000)]
  0x000000001c93d800 JavaThread "Reference Handler" daemon [_thread_blocked, id=18272, stack(0x000000001e730000,0x000000001e830000)]
=>0x0000000002eb6000 JavaThread "main" [_thread_in_native, id=3552, stack(0x0000000002c00000,0x0000000002d00000)]

Other Threads:
  0x000000001c939000 VMThread [stack: 0x000000001e630000,0x000000001e730000] [id=14504]
  0x000000001f198800 WatcherThread [stack: 0x000000001fd90000,0x000000001fe90000] [id=13344]

VM state:not at safepoint (normal execution)

VM Mutex/Monitor currently owned by a thread: None

Heap:
 PSYoungGen      total 75776K, used 18781K [0x000000076b900000, 0x0000000770d80000, 0x00000007c0000000)
  eden space 65024K, 12% used [0x000000076b900000,0x000000076c0dad58,0x000000076f880000)
  from space 10752K, 99% used [0x0000000770300000,0x0000000770d7ca00,0x0000000770d80000)
  to   space 10752K, 0% used [0x000000076f880000,0x000000076f880000,0x0000000770300000)
 ParOldGen       total 173568K, used 4796K [0x00000006c2a00000, 0x00000006cd380000, 0x000000076b900000)
  object space 173568K, 2% used [0x00000006c2a00000,0x00000006c2eaf1c0,0x00000006cd380000)
 Metaspace       used 18528K, capacity 18760K, committed 19072K, reserved 1067008K
  class space    used 2223K, capacity 2320K, committed 2432K, reserved 1048576K

Card table byte_map: [0x0000000012370000,0x0000000012b60000] byte_map_base: 0x000000000ed5b000

Marking Bits: (ParMarkBitMap*) 0x000000007379a6d0
 Begin Bits: [0x00000000138b0000, 0x0000000017808000)
 End Bits:   [0x0000000017808000, 0x000000001b760000)

Polling page: 0x00000000007f0000

CodeCache: size=245760Kb used=5337Kb max_used=5349Kb free=240422Kb
 bounds [0x0000000002fb0000, 0x00000000034f0000, 0x0000000011fb0000]
 total_blobs=1938 nmethods=1510 adapters=340
 compilation: enabled

Compilation events (10 events):
Event: 3.783 Thread 0x000000001f064000 1504       1       sun.util.calendar.CalendarDate::getDayOfMonth (5 bytes)
Event: 3.783 Thread 0x000000001f064000 nmethod 1504 0x00000000034e48d0 code [0x00000000034e4a20, 0x00000000034e4b30]
Event: 3.783 Thread 0x000000001f064000 1505       3       sun.reflect.ClassFileAssembler::emitConstantPoolMethodref (28 bytes)
Event: 3.783 Thread 0x000000001f064000 nmethod 1505 0x00000000034e4b90 code [0x00000000034e4d80, 0x00000000034e5468]
Event: 3.783 Thread 0x000000001f064000 1506       3       java.util.Objects::equals (23 bytes)
Event: 3.783 Thread 0x000000001f064000 nmethod 1506 0x00000000034e59d0 code [0x00000000034e5b40, 0x00000000034e5e08]
Event: 3.785 Thread 0x000000001f05c800 1507       4       java.lang.String::concat (47 bytes)
Event: 3.785 Thread 0x000000001f064000 1508       1       ch.qos.logback.classic.Logger::getLoggerContext (5 bytes)
Event: 3.785 Thread 0x000000001f064000 nmethod 1508 0x00000000034e5ed0 code [0x00000000034e6020, 0x00000000034e6130]
Event: 3.785 Thread 0x000000001f064000 1509       3       java.lang.StackTraceElement::equals (80 bytes)

GC Heap History (4 events):
Event: 0.989 GC heap before
{Heap before GC invocations=1 (full 0):
 PSYoungGen      total 75776K, used 65024K [0x000000076b900000, 0x0000000770d80000, 0x00000007c0000000)
  eden space 65024K, 100% used [0x000000076b900000,0x000000076f880000,0x000000076f880000)
  from space 10752K, 0% used [0x0000000770300000,0x0000000770300000,0x0000000770d80000)
  to   space 10752K, 0% used [0x000000076f880000,0x000000076f880000,0x0000000770300000)
 ParOldGen       total 173568K, used 0K [0x00000006c2a00000, 0x00000006cd380000, 0x000000076b900000)
  object space 173568K, 0% used [0x00000006c2a00000,0x00000006c2a00000,0x00000006cd380000)
 Metaspace       used 9823K, capacity 9996K, committed 10240K, reserved 1058816K
  class space    used 1165K, capacity 1242K, committed 1280K, reserved 1048576K
Event: 0.994 GC heap after
Heap after GC invocations=1 (full 0):
 PSYoungGen      total 75776K, used 9151K [0x000000076b900000, 0x0000000770d80000, 0x00000007c0000000)
  eden space 65024K, 0% used [0x000000076b900000,0x000000076b900000,0x000000076f880000)
  from space 10752K, 85% used [0x000000076f880000,0x000000077016fd78,0x0000000770300000)
  to   space 10752K, 0% used [0x0000000770300000,0x0000000770300000,0x0000000770d80000)
 ParOldGen       total 173568K, used 16K [0x00000006c2a00000, 0x00000006cd380000, 0x000000076b900000)
  object space 173568K, 0% used [0x00000006c2a00000,0x00000006c2a04000,0x00000006cd380000)
 Metaspace       used 9823K, capacity 9996K, committed 10240K, reserved 1058816K
  class space    used 1165K, capacity 1242K, committed 1280K, reserved 1048576K
}
Event: 3.598 GC heap before
{Heap before GC invocations=2 (full 0):
 PSYoungGen      total 75776K, used 74175K [0x000000076b900000, 0x0000000770d80000, 0x00000007c0000000)
  eden space 65024K, 100% used [0x000000076b900000,0x000000076f880000,0x000000076f880000)
  from space 10752K, 85% used [0x000000076f880000,0x000000077016fd78,0x0000000770300000)
  to   space 10752K, 0% used [0x0000000770300000,0x0000000770300000,0x0000000770d80000)
 ParOldGen       total 173568K, used 16K [0x00000006c2a00000, 0x00000006cd380000, 0x000000076b900000)
  object space 173568K, 0% used [0x00000006c2a00000,0x00000006c2a04000,0x00000006cd380000)
 Metaspace       used 18055K, capacity 18306K, committed 18432K, reserved 1064960K
  class space    used 2175K, capacity 2255K, committed 2304K, reserved 1048576K
Event: 3.608 GC heap after
Heap after GC invocations=2 (full 0):
 PSYoungGen      total 75776K, used 10738K [0x000000076b900000, 0x0000000770d80000, 0x00000007c0000000)
  eden space 65024K, 0% used [0x000000076b900000,0x000000076b900000,0x000000076f880000)
  from space 10752K, 99% used [0x0000000770300000,0x0000000770d7ca00,0x0000000770d80000)
  to   space 10752K, 0% used [0x000000076f880000,0x000000076f880000,0x0000000770300000)
 ParOldGen       total 173568K, used 4796K [0x00000006c2a00000, 0x00000006cd380000, 0x000000076b900000)
  object space 173568K, 2% used [0x00000006c2a00000,0x00000006c2eaf1c0,0x00000006cd380000)
 Metaspace       used 18055K, capacity 18306K, committed 18432K, reserved 1064960K
  class space    used 2175K, capacity 2255K, committed 2304K, reserved 1048576K
}

Deoptimization events (10 events):
Event: 0.986 Thread 0x000000001e8bf000 Uncommon trap: reason=class_check action=maybe_recompile pc=0x00000000031bf550 method=java.lang.StringCoding$StringDecoder.decode([BII)[C @ 30
Event: 0.986 Thread 0x000000001e8bf000 Uncommon trap: reason=class_check action=maybe_recompile pc=0x00000000031bf550 method=java.lang.StringCoding$StringDecoder.decode([BII)[C @ 30
Event: 1.539 Thread 0x0000000002eb6000 Uncommon trap: reason=unstable_if action=reinterpret pc=0x00000000031d0b80 method=java.lang.ref.SoftReference.get()Ljava/lang/Object; @ 17
Event: 3.208 Thread 0x0000000002eb6000 Uncommon trap: reason=unstable_if action=reinterpret pc=0x000000000344ac3c method=java.util.concurrent.ConcurrentHashMap.putVal(Ljava/lang/Object;Ljava/lang/Object;Z)Ljava/lang/Object; @ 206
Event: 3.349 Thread 0x0000000002eb6000 Uncommon trap: reason=unstable_if action=reinterpret pc=0x000000000345bf30 method=java.util.Arrays.equals([B[B)Z @ 12
Event: 3.350 Thread 0x0000000002eb6000 Uncommon trap: reason=unstable_if action=reinterpret pc=0x000000000348e640 method=java.security.MessageDigest.isEqual([B[B)Z @ 12
Event: 3.478 Thread 0x0000000002eb6000 Uncommon trap: reason=unstable_if action=reinterpret pc=0x00000000031dd9d4 method=java.lang.AbstractStringBuilder.append(Ljava/lang/String;)Ljava/lang/AbstractStringBuilder; @ 1
Event: 3.480 Thread 0x0000000002eb6000 Uncommon trap: reason=unstable_if action=reinterpret pc=0x0000000003233590 method=java.lang.AbstractStringBuilder.append(Ljava/lang/String;)Ljava/lang/AbstractStringBuilder; @ 1
Event: 3.625 Thread 0x0000000002eb6000 Uncommon trap: reason=unstable_if action=reinterpret pc=0x00000000034b6c14 method=java.util.WeakHashMap.expungeStaleEntries()V @ 9
Event: 3.773 Thread 0x0000000002eb6000 Uncommon trap: reason=unstable_if action=reinterpret pc=0x00000000032f682c method=sun.misc.URLClassPath$JarLoader.getResource(Ljava/lang/String;ZLjava/util/Set;)Lsun/misc/Resource; @ 17

Internal exceptions (10 events):
Event: 3.480 Thread 0x0000000002eb6000 Implicit null exception at 0x00000000032331d6 to 0x0000000003233575
Event: 3.639 Thread 0x0000000002eb6000 Exception <a 'java/lang/reflect/InvocationTargetException'> (0x000000076be09f00) thrown at [C:\re\workspace\8-2-build-windows-amd64-cygwin\jdk8u112\7884\hotspot\src\share\vm\runtime\reflection.cpp, line 1092]
Event: 3.761 Thread 0x0000000002eb6000 Exception <a 'java/lang/UnsatisfiedLinkError': io.netty.internal.tcnative.NativeStaticallyReferencedJniMethods.sslErrorWantPrivateKeyOperation()I> (0x000000076be8c078) thrown at [C:\re\workspace\8-2-build-windows-amd64-cygwin\jdk8u112\7884\hotspot\src\sha
Event: 3.761 Thread 0x0000000002eb6000 Exception <a 'java/lang/UnsatisfiedLinkError'> (0x000000076be8c078) thrown at [C:\re\workspace\8-2-build-windows-amd64-cygwin\jdk8u112\7884\hotspot\src\share\vm\oops\instanceKlass.cpp, line 964]
Event: 3.761 Thread 0x0000000002eb6000 Exception <a 'java/lang/UnsatisfiedLinkError'> (0x000000076be8c078) thrown at [C:\re\workspace\8-2-build-windows-amd64-cygwin\jdk8u112\7884\hotspot\src\share\vm\prims\jni.cpp, line 709]
Event: 3.761 Thread 0x0000000002eb6000 Exception <a 'java/lang/reflect/InvocationTargetException'> (0x000000076be8c280) thrown at [C:\re\workspace\8-2-build-windows-amd64-cygwin\jdk8u112\7884\hotspot\src\share\vm\runtime\reflection.cpp, line 1092]
Event: 3.763 Thread 0x0000000002eb6000 Exception <a 'java/lang/NoClassDefFoundError': Could not initialize class io.netty.internal.tcnative.SSL> (0x000000076bea1128) thrown at [C:\re\workspace\8-2-build-windows-amd64-cygwin\jdk8u112\7884\hotspot\src\share\vm\oops\instanceKlass.cpp, line 890]
Event: 3.763 Thread 0x0000000002eb6000 Exception <a 'java/lang/NoClassDefFoundError'> (0x000000076bea1128) thrown at [C:\re\workspace\8-2-build-windows-amd64-cygwin\jdk8u112\7884\hotspot\src\share\vm\prims\jni.cpp, line 709]
Event: 3.769 Thread 0x0000000002eb6000 Exception <a 'java/lang/reflect/InvocationTargetException'> (0x000000076beb6718) thrown at [C:\re\workspace\8-2-build-windows-amd64-cygwin\jdk8u112\7884\hotspot\src\share\vm\runtime\reflection.cpp, line 1092]
Event: 3.778 Thread 0x0000000002eb6000 Exception <a 'java/lang/reflect/InvocationTargetException'> (0x000000076bf0e168) thrown at [C:\re\workspace\8-2-build-windows-amd64-cygwin\jdk8u112\7884\hotspot\src\share\vm\runtime\reflection.cpp, line 1092]

Events (10 events):
Event: 3.783 loading class io/netty/handler/ssl/OpenSslEngine
Event: 3.783 loading class io/netty/handler/ssl/OpenSslEngine done
Event: 3.784 loading class io/netty/handler/ssl/ReferenceCountedOpenSslEngine
Event: 3.784 loading class io/netty/handler/ssl/ReferenceCountedOpenSslEngine done
Event: 3.784 loading class io/netty/util/ReferenceCounted
Event: 3.784 loading class io/netty/util/ReferenceCounted done
Event: 3.784 loading class io/netty/handler/ssl/ApplicationProtocolAccessor
Event: 3.784 loading class io/netty/handler/ssl/ApplicationProtocolAccessor done
Event: 3.785 loading class javax/net/ssl/SSLEngine
Event: 3.785 loading class javax/net/ssl/SSLEngine done


Dynamic libraries:
0x00007ff661030000 - 0x00007ff661067000 	C:\Program Files\Java\jdk1.8.0_112\bin\java.exe
0x00007ff8d5f80000 - 0x00007ff8d6170000 	C:\WINDOWS\SYSTEM32\ntdll.dll
0x00007ff8d59b0000 - 0x00007ff8d5a62000 	C:\WINDOWS\System32\KERNEL32.DLL
0x00007ff8d3bb0000 - 0x00007ff8d3e54000 	C:\WINDOWS\System32\KERNELBASE.dll
0x00007ff8d57a0000 - 0x00007ff8d5843000 	C:\WINDOWS\System32\ADVAPI32.dll
0x00007ff8d4a50000 - 0x00007ff8d4aee000 	C:\WINDOWS\System32\msvcrt.dll
0x00007ff8d4b30000 - 0x00007ff8d4bc7000 	C:\WINDOWS\System32\sechost.dll
0x00007ff8d4720000 - 0x00007ff8d4840000 	C:\WINDOWS\System32\RPCRT4.dll
0x00007ff8d5570000 - 0x00007ff8d5704000 	C:\WINDOWS\System32\USER32.dll
0x00007ff8d4000000 - 0x00007ff8d4021000 	C:\WINDOWS\System32\win32u.dll
0x00007ff8d4cf0000 - 0x00007ff8d4d16000 	C:\WINDOWS\System32\GDI32.dll
0x00007ff8d3a10000 - 0x00007ff8d3ba6000 	C:\WINDOWS\System32\gdi32full.dll
0x00007ff8d2f00000 - 0x00007ff8d2f9e000 	C:\WINDOWS\System32\msvcp_win.dll
0x00007ff8d3050000 - 0x00007ff8d314a000 	C:\WINDOWS\System32\ucrtbase.dll
0x00007ff8c09a0000 - 0x00007ff8c0c24000 	C:\WINDOWS\WinSxS\amd64_microsoft.windows.common-controls_6595b64144ccf1df_6.0.18362.959_none_e6c7bbbf130c62bb\COMCTL32.dll
0x00007ff8d40e0000 - 0x00007ff8d4415000 	C:\WINDOWS\System32\combase.dll
0x00007ff8d3970000 - 0x00007ff8d39f0000 	C:\WINDOWS\System32\bcryptPrimitives.dll
0x00007ff8d4b00000 - 0x00007ff8d4b2e000 	C:\WINDOWS\System32\IMM32.DLL
0x0000000073820000 - 0x00000000738f2000 	C:\Program Files\Java\jdk1.8.0_112\jre\bin\msvcr100.dll
0x0000000072f80000 - 0x000000007381a000 	C:\Program Files\Java\jdk1.8.0_112\jre\bin\server\jvm.dll
0x00007ff8d5710000 - 0x00007ff8d5718000 	C:\WINDOWS\System32\PSAPI.DLL
0x00007ff8d2a30000 - 0x00007ff8d2a3a000 	C:\WINDOWS\SYSTEM32\VERSION.dll
0x00007ff881a00000 - 0x00007ff881a09000 	C:\WINDOWS\SYSTEM32\WSOCK32.dll
0x00007ff8d4c80000 - 0x00007ff8d4cef000 	C:\WINDOWS\System32\WS2_32.dll
0x00007ff8c04b0000 - 0x00007ff8c04d4000 	C:\WINDOWS\SYSTEM32\WINMM.dll
0x00007ff8c5bd0000 - 0x00007ff8c5bfd000 	C:\WINDOWS\SYSTEM32\winmmbase.dll
0x00007ff8d3fb0000 - 0x00007ff8d3ffa000 	C:\WINDOWS\System32\cfgmgr32.dll
0x0000000076310000 - 0x000000007631f000 	C:\Program Files\Java\jdk1.8.0_112\jre\bin\verify.dll
0x0000000072f50000 - 0x0000000072f79000 	C:\Program Files\Java\jdk1.8.0_112\jre\bin\java.dll
0x0000000076450000 - 0x0000000076473000 	C:\Program Files\Java\jdk1.8.0_112\jre\bin\instrument.dll
0x0000000073d60000 - 0x0000000073d76000 	C:\Program Files\Java\jdk1.8.0_112\jre\bin\zip.dll
0x00007ff8d4df0000 - 0x00007ff8d54d6000 	C:\WINDOWS\System32\SHELL32.dll
0x00007ff8d4030000 - 0x00007ff8d40d9000 	C:\WINDOWS\System32\shcore.dll
0x00007ff8d31b0000 - 0x00007ff8d3932000 	C:\WINDOWS\System32\windows.storage.dll
0x00007ff8d2e90000 - 0x00007ff8d2eb3000 	C:\WINDOWS\System32\profapi.dll
0x00007ff8d2e40000 - 0x00007ff8d2e8a000 	C:\WINDOWS\System32\powrprof.dll
0x00007ff8d2e30000 - 0x00007ff8d2e40000 	C:\WINDOWS\System32\UMPDC.dll
0x00007ff8d5ee0000 - 0x00007ff8d5f32000 	C:\WINDOWS\System32\shlwapi.dll
0x00007ff8d2ee0000 - 0x00007ff8d2ef1000 	C:\WINDOWS\System32\kernel.appcore.dll
0x00007ff8d39f0000 - 0x00007ff8d3a07000 	C:\WINDOWS\System32\cryptsp.dll
0x00007ff8cdba0000 - 0x00007ff8cdbba000 	D:\IntelliJ IDEA 2020.1.2\bin\breakgen64.dll
0x0000000072f30000 - 0x0000000072f4a000 	C:\Program Files\Java\jdk1.8.0_112\jre\bin\net.dll
0x00007ff8d25e0000 - 0x00007ff8d2647000 	C:\WINDOWS\system32\mswsock.dll
0x0000000076420000 - 0x0000000076444000 	C:\Program Files\Java\jdk1.8.0_112\jre\bin\sunec.dll
0x0000000072f10000 - 0x0000000072f21000 	C:\Program Files\Java\jdk1.8.0_112\jre\bin\nio.dll
0x00007ff8d2300000 - 0x00007ff8d233a000 	C:\WINDOWS\SYSTEM32\IPHLPAPI.DLL
0x00007ff8d59a0000 - 0x00007ff8d59a8000 	C:\WINDOWS\System32\NSI.dll
0x00007ff8cd9d0000 - 0x00007ff8cd9e6000 	C:\WINDOWS\SYSTEM32\dhcpcsvc6.DLL
0x00007ff8cd9a0000 - 0x00007ff8cd9bc000 	C:\WINDOWS\SYSTEM32\dhcpcsvc.DLL
0x00007ff8d2340000 - 0x00007ff8d240b000 	C:\WINDOWS\SYSTEM32\DNSAPI.dll
0x00007ff8d2160000 - 0x00007ff8d2193000 	C:\WINDOWS\system32\rsaenh.dll
0x00007ff8d3940000 - 0x00007ff8d3966000 	C:\WINDOWS\System32\bcrypt.dll
0x00007ff8d2d20000 - 0x00007ff8d2d45000 	C:\WINDOWS\SYSTEM32\USERENV.dll
0x00007ff8d2760000 - 0x00007ff8d276c000 	C:\WINDOWS\SYSTEM32\CRYPTBASE.dll
0x0000000076410000 - 0x000000007641b000 	C:\Program Files\Java\jdk1.8.0_112\jre\bin\sunmscapi.dll
0x00007ff8d3e60000 - 0x00007ff8d3fa9000 	C:\WINDOWS\System32\CRYPT32.dll
0x00007ff8d2ec0000 - 0x00007ff8d2ed2000 	C:\WINDOWS\System32\MSASN1.dll
0x00007ff8ccef0000 - 0x00007ff8cd0e4000 	C:\WINDOWS\SYSTEM32\dbghelp.dll

VM Arguments:
jvm_args: -javaagent:D:\IntelliJ IDEA 2020.1.2\lib\idea_rt.jar=54570:D:\IntelliJ IDEA 2020.1.2\bin -Dfile.encoding=UTF-8 
java_command: org.example.chaincode.invocation.QueryCar
java_class_path (initial): C:\Program Files\Java\jdk1.8.0_112\jre\lib\charsets.jar;C:\Program Files\Java\jdk1.8.0_112\jre\lib\deploy.jar;C:\Program Files\Java\jdk1.8.0_112\jre\lib\ext\access-bridge-64.jar;C:\Program Files\Java\jdk1.8.0_112\jre\lib\ext\cldrdata.jar;C:\Program Files\Java\jdk1.8.0_112\jre\lib\ext\dnsns.jar;C:\Program Files\Java\jdk1.8.0_112\jre\lib\ext\jaccess.jar;C:\Program Files\Java\jdk1.8.0_112\jre\lib\ext\jfxrt.jar;C:\Program Files\Java\jdk1.8.0_112\jre\lib\ext\localedata.jar;C:\Program Files\Java\jdk1.8.0_112\jre\lib\ext\nashorn.jar;C:\Program Files\Java\jdk1.8.0_112\jre\lib\ext\sunec.jar;C:\Program Files\Java\jdk1.8.0_112\jre\lib\ext\sunjce_provider.jar;C:\Program Files\Java\jdk1.8.0_112\jre\lib\ext\sunmscapi.jar;C:\Program Files\Java\jdk1.8.0_112\jre\lib\ext\sunpkcs11.jar;C:\Program Files\Java\jdk1.8.0_112\jre\lib\ext\zipfs.jar;C:\Program Files\Java\jdk1.8.0_112\jre\lib\javaws.jar;C:\Program Files\Java\jdk1.8.0_112\jre\lib\jce.jar;C:\Program Files\Java\jdk1.8.0_112\jre\lib\jfr.jar;C:\Program Files\Java\jdk1.8.0_112\jre\lib\jfxswt.jar;C:\Program Files\Java\jdk1.8.0_112\jre\lib\jsse.jar;C:\Program Files\Java\jdk1.8.0_112\jre\lib\management-agent.jar;C:\Program Files\Java\jdk1.8.0_112\jre\lib\plugin.jar;C:\Program Files\Java\jdk1.8.0_112\jre\lib\resources.jar;C:\Program Files\Java\jdk1.8.0_112\jre\lib\rt.jar;C:\Users\xxrib\Desktop\linux-fabric\blockchain-application-using-fabric-java-sdk\java\target\classes;D:\repository\io\netty\netty-tcnative\2.0.26.Final\netty-tcnative-2.0.26.Final.jar;D:\repository\org\hyperledger\fabric-sdk-java\fabric-sdk-java\1.4.1\fabric-sdk-java-1.4.1.jar;D:\repository\io\grpc\grpc-netty\1.17.1\grpc-netty-1.17.1.jar;D:\repository\io\grpc\grpc-core\1.17.1\grpc-core-1.17.1.jar;D:\repository\io\grpc\grpc-context\1.17.1\grpc-context-1.17.1.jar;D:\repository\com\google\errorprone\error_prone_annotations\2.2.0\error_prone_annotations-2.2.0.jar;D:\repository\com\google\code\findbugs\jsr305\3.0.2\jsr305-3.0.2.jar;D:\repository\
Launcher Type: SUN_STANDARD

Environment Variables:
JAVA_HOME=C:\Program Files\Java\jdk1.8.0_112
PATH=C:\ProgramData\Oracle\Java\javapath;C:\Program Files (x86)\NetSarang\Xshell 6\;C:\Program Files (x86)\NetSarang\Xftp 6\;C:\ProgramData\DockerDesktop\version-bin;C:\Program Files\Docker\Docker\Resources\bin;C:\Windows\system32;C:\Windows;C:\Windows\System32\Wbem;C:\Windows\System32\WindowsPowerShell\v1.0\;C:\Windows\System32\OpenSSH\;C:\Program Files (x86)\NVIDIA Corporation\PhysX\Common;C:\Program Files (x86)\Intel\Intel(R) Management Engine Components\DAL;C:\Program Files\Intel\Intel(R) Management Engine Components\DAL;C:\Program Files\NVIDIA Corporation\NVIDIA NvDLISR;C:\Program Files\Git\cmd;D:\Aperio\Common;C:\WINDOWS\system32;C:\WINDOWS;C:\WINDOWS\System32\Wbem;C:\WINDOWS\System32\WindowsPowerShell\v1.0\;C:\WINDOWS\System32\OpenSSH\;C:\Program Files (x86)\Graphviz 2.28\bin;C:\Program Files\Java\jdk1.8.0_112\bin;D:\apache-maven-3.6.3\bin;C:\Program Files\nodejs\;D:\go\bin;C:\Users\xxrib\AppData\Local\Microsoft\WindowsApps;C:\Program Files\JetBrains\PyCharm Community Edition 2019.1.3\bin;;C:\Program Files (x86)\Graphviz 2.28\bin;;D:\IntelliJ IDEA 2020.1.2\bin;;D:\PhpStorm 2020.1.2\bin;;D:\Microsoft VS Code\bin;C:\Users\xxrib\AppData\Roaming\npm;C:\Users\xxrib\go\bin
USERNAME=xxrib
OS=Windows_NT
PROCESSOR_IDENTIFIER=Intel64 Family 6 Model 158 Stepping 13, GenuineIntel



---------------  S Y S T E M  ---------------

OS: Windows 10.0 , 64 bit Build 18362 (10.0.18362.959)

CPU:total 8 (8 cores per cpu, 1 threads per core) family 6 model 158 stepping 13, cmov, cx8, fxsr, mmx, sse, sse2, sse3, ssse3, sse4.1, sse4.2, popcnt, avx, avx2, aes, clmul, erms, rtm, 3dnowpref, lzcnt, tsc, tscinvbit, bmi1, bmi2, adx

Memory: 4k page, physical 16597984k(6375504k free), swap 20530144k(5725956k free)

vm_info: Java HotSpot(TM) 64-Bit Server VM (25.112-b15) for windows-amd64 JRE (1.8.0_112-b15), built on Sep 22 2016 21:31:56 by "java_re" with MS VC++ 10.0 (VS2010)

time: Mon Jul 20 09:43:32 2020
elapsed time: 3 seconds (0d 0h 0m 3s)

